Initializing document watcher...
Document watcher initialized
smileslip_official/smileslip-dashboard/pages/dashboard.js: {"tabSize":2,"indentSize":2,"insertSpaces":true,"cursorStyle":1,"lineNumbers":1}
smileslip_official/smileslip-dashboard/pages/dashboard.js: {"tabSize":2,"indentSize":2,"insertSpaces":true,"cursorStyle":1,"lineNumbers":1}
smileslip_official/smileslip-dashboard/pages/dashboard.js: {"tabSize":2,"indentSize":2,"insertSpaces":true,"cursorStyle":1,"lineNumbers":1}
smileslip_official/smileslip-dashboard/pages/dashboard.js: {"tabSize":2,"indentSize":2,"insertSpaces":true,"cursorStyle":1,"lineNumbers":1}
smileslip_official/smileslip-dashboard/pages/dashboard.js: {"tabSize":2,"indentSize":2,"insertSpaces":true,"cursorStyle":1,"lineNumbers":1}
smileslip_official/smileslip-dashboard/pages/api/auth/auth/line.js: {"tabSize":2,"indentSize":2,"insertSpaces":true,"cursorStyle":1,"lineNumbers":1}
smileslip_official/smileslip-dashboard/pages/api/auth/auth/line.js: {"tabSize":2,"indentSize":2,"insertSpaces":true,"cursorStyle":1,"lineNumbers":1}
smileslip_official/smileslip-dashboard/pages/api/auth/auth/google/callback.js: {"tabSize":4,"indentSize":4,"insertSpaces":true,"cursorStyle":1,"lineNumbers":1}
smileslip_official/smileslip-dashboard/pages/api/auth/auth/google/callback.js: {"tabSize":4,"indentSize":4,"insertSpaces":true,"cursorStyle":1,"lineNumbers":1}
smileslip_official/smileslip-dashboard/pages/api/auth/auth/google/callback.js: Using EditorConfig core...
smileslip_official/smileslip-dashboard/pages/api/auth/auth/google/callback.js: {"tabSize":4,"indentSize":4,"insertSpaces":true,"cursorStyle":1,"lineNumbers":1}
smileslip_official/smileslip-dashboard/pages/index.js: {"tabSize":2,"indentSize":2,"insertSpaces":true,"cursorStyle":1,"lineNumbers":1}
smileslip_official/smileslip-dashboard/pages/api/auth/auth/google/callback.js: {"tabSize":4,"indentSize":4,"insertSpaces":true,"cursorStyle":1,"lineNumbers":1}
smileslip_official/smileslip-dashboard/pages/api/auth/auth/google/callback.js: {"tabSize":4,"indentSize":4,"insertSpaces":true,"cursorStyle":1,"lineNumbers":1}
smileslip_official/smileslip-dashboard/pages/api/auth/auth/google/callback.js: {"tabSize":4,"indentSize":4,"insertSpaces":true,"cursorStyle":1,"lineNumbers":1}
smileslip_official/smileslip-dashboard/pages/api/auth/auth/google/callback.js: {"tabSize":4,"indentSize":4,"insertSpaces":true,"cursorStyle":1,"lineNumbers":1}
smileslip_official/smileslip-dashboard/pages/api/auth/auth/google/callback.js: {"tabSize":4,"indentSize":4,"insertSpaces":true,"cursorStyle":1,"lineNumbers":1}
smileslip_official/smileslip-dashboard/pages/api/auth/auth/google/callback.js: {"tabSize":4,"indentSize":4,"insertSpaces":true,"cursorStyle":1,"lineNumbers":1}
smileslip_official/smileslip-dashboard/pages/index.js: {"tabSize":2,"indentSize":2,"insertSpaces":true,"cursorStyle":1,"lineNumbers":1}
smileslip_official/smileslip-dashboard/pages/api/auth/auth/google/callback.js: {"tabSize":4,"indentSize":4,"insertSpaces":true,"cursorStyle":1,"lineNumbers":1}
smileslip_official/smileslip-pro/index.js: {"tabSize":2,"indentSize":2,"insertSpaces":true,"cursorStyle":1,"lineNumbers":1}
smileslip_official/smileslip-dashboard/pages/api/auth/auth/google/callback.js: {"tabSize":4,"indentSize":4,"insertSpaces":true,"cursorStyle":1,"lineNumbers":1}
smileslip_official/smileslip-dashboard/pages/index.js: {"tabSize":2,"indentSize":2,"insertSpaces":true,"cursorStyle":1,"lineNumbers":1}
smileslip_official/smileslip-pro/index.js: {"tabSize":2,"indentSize":2,"insertSpaces":true,"cursorStyle":1,"lineNumbers":1}
smileslip_official/smileslip-dashboard/pages/index.js: {"tabSize":2,"indentSize":2,"insertSpaces":true,"cursorStyle":1,"lineNumbers":1}
smileslip_official/smileslip-dashboard/pages/api/auth/auth/google/callback.js: {"tabSize":4,"indentSize":4,"insertSpaces":true,"cursorStyle":1,"lineNumbers":1}
smileslip_official/smileslip-dashboard/pages/api/auth/auth/line.js: {"tabSize":2,"indentSize":2,"insertSpaces":true,"cursorStyle":1,"lineNumbers":1}
smileslip_official/smileslip-dashboard/pages/api/line.js: {"tabSize":2,"indentSize":2,"insertSpaces":true,"cursorStyle":1,"lineNumbers":1}
smileslip_official/smileslip-dashboard/pages/api/line.js: {"tabSize":2,"indentSize":2,"insertSpaces":true,"cursorStyle":1,"lineNumbers":1}
smileslip_official/smileslip-dashboard/pages/api/line.js: {"tabSize":2,"indentSize":2,"insertSpaces":true,"cursorStyle":1,"lineNumbers":1}
smileslip_official/smileslip-dashboard/pages/api/auth/line.js: {"tabSize":2,"indentSize":2,"insertSpaces":true,"cursorStyle":1,"lineNumbers":1}
smileslip_official/smileslip-dashboard/pages/api/auth/line.js: {"tabSize":2,"indentSize":2,"insertSpaces":true,"cursorStyle":1,"lineNumbers":1}
smileslip_official/smileslip-dashboard/pages/api/auth/google/callback.js: {"tabSize":4,"indentSize":4,"insertSpaces":true,"cursorStyle":1,"lineNumbers":1}
smileslip_official/smileslip-dashboard/pages/api/auth/google/callback.js: {"tabSize":4,"indentSize":4,"insertSpaces":true,"cursorStyle":1,"lineNumbers":1}
smileslip_official/smileslip-dashboard/pages/api/auth/google/callback.js: Using EditorConfig core...
smileslip_official/smileslip-dashboard/pages/api/auth/google/callback.js: Using EditorConfig core...
smileslip_official/smileslip-dashboard/pages/api/auth/line.js: {"tabSize":2,"indentSize":2,"insertSpaces":true,"cursorStyle":1,"lineNumbers":1}
smileslip_official/smileslip-dashboard/pages/api/auth/google/callback.js: {"tabSize":4,"indentSize":4,"insertSpaces":true,"cursorStyle":1,"lineNumbers":1}
smileslip_official/smileslip-dashboard/pages/api/auth/google/callback.js: {"tabSize":4,"indentSize":4,"insertSpaces":true,"cursorStyle":1,"lineNumbers":1}
smileslip_official/smileslip-dashboard/pages/api/auth/google/callback.js: {"tabSize":4,"indentSize":4,"insertSpaces":true,"cursorStyle":1,"lineNumbers":1}
smileslip_official/smileslip-dashboard/pages/api/auth/google/callback.js: Using EditorConfig core...
smileslip_official/smileslip-dashboard/pages/api/auth/google/callback.js: {"tabSize":4,"indentSize":4,"insertSpaces":true,"cursorStyle":1,"lineNumbers":1}
smileslip_official/smileslip-dashboard/pages/register.js: {"tabSize":2,"indentSize":2,"insertSpaces":true,"cursorStyle":1,"lineNumbers":1}
smileslip_official/smileslip-dashboard/pages/api/auth/google/callback.js: {"tabSize":4,"indentSize":4,"insertSpaces":true,"cursorStyle":1,"lineNumbers":1}
smileslip_official/smileslip-dashboard/pages/api/auth/google/callback.js: {"tabSize":4,"indentSize":4,"insertSpaces":true,"cursorStyle":1,"lineNumbers":1}
smileslip_official/smileslip-dashboard/pages/api/auth/google/callback.js: {"tabSize":4,"indentSize":4,"insertSpaces":true,"cursorStyle":1,"lineNumbers":1}
smileslip_official/smileslip-dashboard/pages/dashboard.js: {"tabSize":2,"indentSize":2,"insertSpaces":true,"cursorStyle":1,"lineNumbers":1}
smileslip_official/smileslip-dashboard/pages/login.js: {"tabSize":2,"indentSize":2,"insertSpaces":true,"cursorStyle":1,"lineNumbers":1}
smileslip_official/smileslip-dashboard/pages/index.js: {"tabSize":2,"indentSize":2,"insertSpaces":true,"cursorStyle":1,"lineNumbers":1}
smileslip_official/smileslip-dashboard/pages/dashboard.js: {"tabSize":2,"indentSize":2,"insertSpaces":true,"cursorStyle":1,"lineNumbers":1}
smileslip_official/smileslip-dashboard/pages/dashboard.js: {"tabSize":2,"indentSize":2,"insertSpaces":true,"cursorStyle":1,"lineNumbers":1}
smileslip_official/smileslip-dashboard/pages/index.js: {"tabSize":2,"indentSize":2,"insertSpaces":true,"cursorStyle":1,"lineNumbers":1}
smileslip_official/smileslip-dashboard/pages/login.js: {"tabSize":2,"indentSize":2,"insertSpaces":true,"cursorStyle":1,"lineNumbers":1}
smileslip_official/smileslip-dashboard/pages/login.js: {"tabSize":2,"indentSize":2,"insertSpaces":true,"cursorStyle":1,"lineNumbers":1}
smileslip_official/smileslip-dashboard/pages/login.js: Using EditorConfig core...
smileslip_official/smileslip-dashboard/pages/login.js: Using EditorConfig core...
smileslip_official/smileslip-dashboard/pages/dashboard.js: {"tabSize":2,"indentSize":2,"insertSpaces":true,"cursorStyle":1,"lineNumbers":1}
smileslip_official/smileslip-dashboard/pages/dashboard.js: Using EditorConfig core...
smileslip_official/smileslip-dashboard/pages/register.js: {"tabSize":2,"indentSize":2,"insertSpaces":true,"cursorStyle":1,"lineNumbers":1}
smileslip_official/smileslip-dashboard/pages/register.js: {"tabSize":2,"indentSize":2,"insertSpaces":true,"cursorStyle":1,"lineNumbers":1}
smileslip_official/smileslip-dashboard/pages/register.js: {"tabSize":2,"indentSize":2,"insertSpaces":true,"cursorStyle":1,"lineNumbers":1}
smileslip_official/smileslip-dashboard/pages/register.js: {"tabSize":2,"indentSize":2,"insertSpaces":true,"cursorStyle":1,"lineNumbers":1}
smileslip_official/smileslip-dashboard/pages/register.js: {"tabSize":2,"indentSize":2,"insertSpaces":true,"cursorStyle":1,"lineNumbers":1}
smileslip_official/smileslip-dashboard/pages/register.js: {"tabSize":2,"indentSize":2,"insertSpaces":true,"cursorStyle":1,"lineNumbers":1}
smileslip_official/smileslip-dashboard/pages/register.js: Using EditorConfig core...
smileslip_official/smileslip-dashboard/pages/register.js: {"tabSize":2,"indentSize":2,"insertSpaces":true,"cursorStyle":1,"lineNumbers":1}
smileslip_official/smileslip-dashboard/deploy-web.sh: {"tabSize":2,"indentSize":2,"insertSpaces":true,"cursorStyle":1,"lineNumbers":1}
smileslip_official/smileslip-dashboard/deploy-web.sh: {"tabSize":2,"indentSize":2,"insertSpaces":true,"cursorStyle":1,"lineNumbers":1}
smileslip_official/smileslip-dashboard/deploy-web.sh: {"tabSize":2,"indentSize":2,"insertSpaces":true,"cursorStyle":1,"lineNumbers":1}
smileslip_official/smileslip-dashboard/pages/register.js: {"tabSize":2,"indentSize":2,"insertSpaces":true,"cursorStyle":1,"lineNumbers":1}
smileslip_official/smileslip-dashboard/pages/register.js: {"tabSize":2,"indentSize":2,"insertSpaces":true,"cursorStyle":1,"lineNumbers":1}
smileslip_official/smileslip-dashboard/pages/login.js: {"tabSize":2,"indentSize":2,"insertSpaces":true,"cursorStyle":1,"lineNumbers":1}
smileslip_official/smileslip-dashboard/pages/index.js: {"tabSize":2,"indentSize":2,"insertSpaces":true,"cursorStyle":1,"lineNumbers":1}
smileslip_official/smileslip-dashboard/pages/index.js: {"tabSize":2,"indentSize":2,"insertSpaces":true,"cursorStyle":1,"lineNumbers":1}
smileslip_official/smileslip-dashboard/pages/index.js: {"tabSize":2,"indentSize":2,"insertSpaces":true,"cursorStyle":1,"lineNumbers":1}
smileslip_official/smileslip-dashboard/pages/index.js: {"tabSize":2,"indentSize":2,"insertSpaces":true,"cursorStyle":1,"lineNumbers":1}
smileslip_official/smileslip-dashboard/pages/login.js: {"tabSize":2,"indentSize":2,"insertSpaces":true,"cursorStyle":1,"lineNumbers":1}
smileslip_official/smileslip-dashboard/pages/login.js: {"tabSize":2,"indentSize":2,"insertSpaces":true,"cursorStyle":1,"lineNumbers":1}
smileslip_official/smileslip-dashboard/pages/register.js: {"tabSize":2,"indentSize":2,"insertSpaces":true,"cursorStyle":1,"lineNumbers":1}
