0 verbose cli /usr/local/nvm/versions/node/v24.14.1/bin/node /usr/local/nvm/versions/node/v24.14.1/bin/npm
1 info using npm@11.12.1
2 info using node@v24.14.1
3 silly config load:file:/usr/local/nvm/versions/node/v24.14.1/lib/node_modules/npm/npmrc
4 silly config load:file:/home/smileslip_official/.cache/typescript/5.9/.npmrc
5 silly config load:file:/home/smileslip_official/.npmrc
6 silly config load:file:/usr/local/nvm/versions/node/v24.14.1/etc/npmrc
7 verbose title npm install types-registry@latest
8 verbose argv "install" "--ignore-scripts" "types-registry@latest"
9 verbose logfile logs-max:10 dir:/home/smileslip_official/.npm/_logs/2026-04-27T08_45_37_262Z-
10 verbose logfile /home/smileslip_official/.npm/_logs/2026-04-27T08_45_37_262Z-debug-0.log
11 silly logfile start cleaning logs, removing 1 files
12 silly logfile done cleaning log files
13 silly packumentCache heap:2348810240 maxSize:587202560 maxEntrySize:293601280
14 silly packumentCache corgi:https://registry.npmjs.org/types-registry cache-miss
15 http fetch GET 200 https://registry.npmjs.org/types-registry 150ms (cache updated)
16 silly packumentCache corgi:https://registry.npmjs.org/types-registry set size:undefined disposed:false
17 silly idealTree buildDeps
18 silly fetch manifest types-registry@0.1.767
19 silly packumentCache full:https://registry.npmjs.org/types-registry cache-miss
20 http fetch GET 200 https://registry.npmjs.org/types-registry 102ms (cache updated)
21 silly packumentCache full:https://registry.npmjs.org/types-registry set size:undefined disposed:false
22 silly placeDep ROOT types-registry@0.1.767 REPLACE for:  want: 0.1.767
23 silly reify mark retired [
23 silly reify   '/home/smileslip_official/.cache/typescript/5.9/node_modules/types-registry'
23 silly reify ]
24 silly reify moves {
24 silly reify   '/home/smileslip_official/.cache/typescript/5.9/node_modules/types-registry': '/home/smileslip_official/.cache/typescript/5.9/node_modules/.types-registry-CjN0uj0f'
24 silly reify }
25 silly audit bulk request {
25 silly audit   '@types/body-parser': [ '1.19.6' ],
25 silly audit   '@types/connect': [ '3.4.38' ],
25 silly audit   '@types/express': [ '5.0.6' ],
25 silly audit   '@types/express-serve-static-core': [ '5.1.1' ],
25 silly audit   '@types/http-errors': [ '2.0.5' ],
25 silly audit   '@types/node': [ '25.5.2' ],
25 silly audit   '@types/qs': [ '6.15.0' ],
25 silly audit   '@types/range-parser': [ '1.2.7' ],
25 silly audit   '@types/react': [ '19.2.14' ],
25 silly audit   '@types/send': [ '1.2.1' ],
25 silly audit   '@types/serve-static': [ '2.2.0' ],
25 silly audit   csstype: [ '3.2.3' ],
25 silly audit   'undici-types': [ '7.18.2' ],
25 silly audit   'types-registry': [ '0.1.767' ]
25 silly audit }
26 http cache types-registry@https://registry.npmjs.org/types-registry/-/types-registry-0.1.767.tgz 0ms (cache hit)
27 silly tarball no local data for types-registry@https://registry.npmjs.org/types-registry/-/types-registry-0.1.767.tgz. Extracting by manifest.
28 http fetch GET 200 https://registry.npmjs.org/types-registry/-/types-registry-0.1.767.tgz 182ms (cache miss)
29 http fetch POST 200 https://registry.npmjs.org/-/npm/v1/security/advisories/bulk 251ms
30 silly audit report {}
31 silly CHANGE node_modules/types-registry
32 verbose cwd /home/smileslip_official/.cache/typescript/5.9
33 verbose os Linux 6.6.123+
34 verbose node v24.14.1
35 verbose npm  v11.12.1
36 verbose exit 0
37 info ok
