0 verbose cli /usr/local/nvm/versions/node/v24.14.1/bin/node /usr/local/nvm/versions/node/v24.14.1/bin/npm
1 info using npm@11.12.1
2 info using node@v24.14.1
3 silly config load:file:/usr/local/nvm/versions/node/v24.14.1/lib/node_modules/npm/npmrc
4 silly config load:file:/home/smileslip_official/.cache/typescript/5.9/.npmrc
5 silly config load:file:/home/smileslip_official/.npmrc
6 silly config load:file:/usr/local/nvm/versions/node/v24.14.1/etc/npmrc
7 verbose title npm install types-registry@latest
8 verbose argv "install" "--ignore-scripts" "types-registry@latest"
9 verbose logfile logs-max:10 dir:/home/smileslip_official/.npm/_logs/2026-04-27T10_25_53_647Z-
10 verbose logfile /home/smileslip_official/.npm/_logs/2026-04-27T10_25_53_647Z-debug-0.log
11 silly logfile start cleaning logs, removing 2 files
12 silly packumentCache heap:2348810240 maxSize:587202560 maxEntrySize:293601280
13 silly logfile done cleaning log files
14 silly packumentCache corgi:https://registry.npmjs.org/types-registry cache-miss
15 http fetch GET 200 https://registry.npmjs.org/types-registry 157ms (cache revalidated)
16 silly packumentCache corgi:https://registry.npmjs.org/types-registry set size:623172 disposed:false
17 silly idealTree buildDeps
18 silly fetch manifest types-registry@0.1.767
19 silly packumentCache full:https://registry.npmjs.org/types-registry cache-miss
20 http fetch GET 200 https://registry.npmjs.org/types-registry 67ms (cache revalidated)
21 silly packumentCache full:https://registry.npmjs.org/types-registry set size:1347431 disposed:false
22 silly placeDep ROOT types-registry@0.1.767 REPLACE for:  want: 0.1.767
23 silly reify moves {}
24 silly audit bulk request {
24 silly audit   '@types/body-parser': [ '1.19.6' ],
24 silly audit   '@types/connect': [ '3.4.38' ],
24 silly audit   '@types/express': [ '5.0.6' ],
24 silly audit   '@types/express-serve-static-core': [ '5.1.1' ],
24 silly audit   '@types/http-errors': [ '2.0.5' ],
24 silly audit   '@types/node': [ '25.5.2' ],
24 silly audit   '@types/qs': [ '6.15.0' ],
24 silly audit   '@types/range-parser': [ '1.2.7' ],
24 silly audit   '@types/react': [ '19.2.14' ],
24 silly audit   '@types/send': [ '1.2.1' ],
24 silly audit   '@types/serve-static': [ '2.2.0' ],
24 silly audit   csstype: [ '3.2.3' ],
24 silly audit   'undici-types': [ '7.18.2' ],
24 silly audit   'types-registry': [ '0.1.767' ]
24 silly audit }
25 http fetch POST 200 https://registry.npmjs.org/-/npm/v1/security/advisories/bulk 231ms
26 silly audit report {}
27 verbose cwd /home/smileslip_official/.cache/typescript/5.9
28 verbose os Linux 6.6.123+
29 verbose node v24.14.1
30 verbose npm  v11.12.1
31 verbose exit 0
32 info ok
